<?xml version="1.0" encoding="UTF-8"?>
<!-- Generated by org.testng.reporters.JUnitXMLReporter -->
<testsuite hostname="L5152N13" ignored="0" name="Default test" tests="3" failures="0" timestamp="2022-08-17T10:06:40 IST" time="46.05" errors="0">
  <testcase name="example1" time="0.181" classname="SeleniumConcept.Windows"/>
  <testcase name="example2" time="5.847" classname="SeleniumConcept.Windows"/>
  <testcase name="example3" time="8.26" classname="SeleniumConcept.Windows"/>
</testsuite> <!-- Default test -->
