<?xml version="1.0" encoding="UTF-8"?>
<!-- Generated by org.testng.reporters.JUnitXMLReporter -->
<testsuite hostname="L5152N13" ignored="0" name="Test" tests="4" failures="0" timestamp="2022-08-21T14:55:42 IST" time="0.029" errors="0">
  <testcase name="f1" time="0.0" classname="TestNG.TestAnnotations2"/>
  <testcase name="f2" time="0.015" classname="TestNG.TestAnnotations2"/>
  <testcase name="f1" time="0.0" classname="TestNG.TestAnnotations"/>
  <testcase name="f2" time="0.0" classname="TestNG.TestAnnotations"/>
</testsuite> <!-- Test -->
